2026-06-08 13:09:51,199 - main - python_template - INFO - Début de l'analyse globale : 5 fichier(s) trouvé(s).
2026-06-08 13:09:51,200 - main - python_template - INFO - Dossier analysé : /workspaces/soung_analysis/data/ressources/A
2026-06-08 13:09:51,200 - main - python_template - INFO - Analyse de : test_A_4_1x0.5min_sub0.5min.wav ...
2026-06-08 13:11:17,138 - main - python_template - INFO - Début de l'analyse globale : 5 fichier(s) trouvé(s).
2026-06-08 13:11:17,138 - main - python_template - INFO - Dossier analysé : /workspaces/soung_analysis/data/ressources/A
2026-06-08 13:11:17,138 - main - python_template - INFO - Analyse de : test_A_4_1x0.5min_sub0.5min.wav ...
2026-06-08 13:12:05,006 - main - python_template - INFO - Début de l'analyse globale : 5 fichier(s) trouvé(s).
2026-06-08 13:12:05,007 - main - python_template - INFO - Dossier analysé : /workspaces/soung_analysis/data/ressources/A
2026-06-08 13:12:05,007 - main - python_template - INFO - Analyse de : test_A_4_1x0.5min_sub0.5min.wav ...
2026-06-08 13:14:05,556 - main - python_template - INFO - Début de l'analyse globale : 5 fichier(s) trouvé(s).
2026-06-08 13:14:05,556 - main - python_template - INFO - Dossier analysé : /workspaces/soung_analysis/data/ressources/A
2026-06-08 13:14:05,557 - main - python_template - INFO - Analyse de : test_A_4_1x0.5min_sub0.5min.wav ...
2026-06-08 13:17:03,680 - main - python_template - INFO -    -> Score PA : 15.18
2026-06-08 13:17:03,680 - main - python_template - INFO - Analyse de : test_A_1_1x0.5min_sub0.5min.wav ...
2026-06-08 13:20:26,839 - main - python_template - INFO - Global analysis started: 5 file(s) found.
2026-06-08 13:20:26,839 - main - python_template - INFO - Analyzed directory: /workspaces/soung_analysis/data/ressources/A
2026-06-08 13:20:26,840 - main - python_template - INFO - Analyzing: test_A_4_1x0.5min_sub0.5min.wav ...
2026-06-08 13:23:22,418 - main - python_template - INFO -    -> GLOBAL SCORE (PA) : 15.18
2026-06-08 13:23:22,419 - main - python_template - INFO -       [Details] Loudness (N5): 14.99 sone | Sharpness: 0.96 acum | Roughness: 0.04 asper
2026-06-08 13:23:22,419 - main - python_template - INFO - Analyzing: test_A_1_1x0.5min_sub0.5min.wav ...
2026-06-08 13:26:17,601 - main - python_template - INFO -    -> GLOBAL SCORE (PA) : 15.18
2026-06-08 13:26:17,601 - main - python_template - INFO -       [Details] Loudness (N5): 14.99 sone | Sharpness: 0.96 acum | Roughness: 0.04 asper
2026-06-08 13:26:17,601 - main - python_template - INFO - Analyzing: test_A_3_1x0.5min_sub0.5min.wav ...
2026-06-08 13:29:23,583 - main - python_template - INFO -    -> GLOBAL SCORE (PA) : 21.85
2026-06-08 13:29:23,583 - main - python_template - INFO -       [Details] Loudness (N5): 21.56 sone | Sharpness: 1.10 acum | Roughness: 0.04 asper
2026-06-08 13:29:23,583 - main - python_template - INFO - Analyzing: test_A_5_1x0.5min_sub0.5min.wav ...
2026-06-08 13:32:24,992 - main - python_template - INFO -    -> GLOBAL SCORE (PA) : 19.93
2026-06-08 13:32:24,992 - main - python_template - INFO -       [Details] Loudness (N5): 19.65 sone | Sharpness: 1.11 acum | Roughness: 0.05 asper
2026-06-08 13:32:24,992 - main - python_template - INFO - Analyzing: test_A_2_1x0.5min_sub0.5min.wav ...
2026-06-08 13:35:35,833 - main - python_template - INFO -    -> GLOBAL SCORE (PA) : 17.71
2026-06-08 13:35:35,833 - main - python_template - INFO -       [Details] Loudness (N5): 15.53 sone | Sharpness: 1.16 acum | Roughness: 0.47 asper
2026-06-08 13:35:35,834 - main - python_template - INFO - === GLOBAL ANALYSIS RESULTS ===
2026-06-08 13:35:35,834 - main - python_template - INFO - Successfully analyzed files: 5/5
2026-06-08 13:35:35,834 - main - python_template - INFO - AVERAGE ANNOYANCE INDEX (PA): 17.97
2026-06-08 13:35:35,834 - main - python_template - INFO - Global interpretation: Moderate to significant nuisance (Tiring).
2026-06-08 14:11:45,674 - __init__ - weasyprint.progress - INFO - Step 2 - Fetching and parsing CSS - CSS string
2026-06-08 14:11:45,857 - __init__ - weasyprint.progress - INFO - Step 2 - Fetching and parsing CSS - CSS string
2026-06-08 14:11:45,964 - __init__ - weasyprint.progress - INFO - Step 2 - Fetching and parsing CSS - CSS string
2026-06-08 14:11:46,394 - main - python_template - INFO - Global analysis started: 2 file(s) found.
2026-06-08 14:11:46,395 - main - python_template - INFO - Analyzed directory: /workspaces/soung_analysis/data/ressources/A
2026-06-08 14:11:46,395 - main - python_template - INFO - Analyzing: test_A_1_1x0.5min_sub0.5min.wav ...
2026-06-08 14:14:40,948 - main - python_template - INFO -    -> GLOBAL SCORE (PA) : 15.18
2026-06-08 14:14:40,994 - main - python_template - INFO -       [Details] Loudness (N5): 14.99 sone | Sharpness: 0.96 acum | Roughness: 0.04 asper
2026-06-08 14:14:40,995 - main - python_template - INFO - Analyzing: test_A_2_1x0.5min_sub0.5min.wav ...
2026-06-08 14:17:49,636 - main - python_template - INFO -    -> GLOBAL SCORE (PA) : 17.71
2026-06-08 14:17:49,637 - main - python_template - INFO -       [Details] Loudness (N5): 15.53 sone | Sharpness: 1.16 acum | Roughness: 0.47 asper
2026-06-08 14:17:49,637 - main - python_template - INFO - === GLOBAL ANALYSIS RESULTS ===
2026-06-08 14:17:49,637 - main - python_template - INFO - Successfully analyzed files: 2/2
2026-06-08 14:17:49,637 - main - python_template - INFO - AVERAGE ANNOYANCE INDEX (PA): 16.45
2026-06-08 14:17:49,637 - pdf_generator - python_template - INFO - Starting automated PDF report generation...
2026-06-08 14:17:49,638 - __init__ - weasyprint.progress - INFO - Step 1 - Fetching and parsing HTML - HTML string
2026-06-08 14:17:49,690 - __init__ - weasyprint.progress - INFO - Step 2 - Fetching and parsing CSS - CSS string
2026-06-08 14:17:49,758 - __init__ - weasyprint.progress - INFO - Step 3 - Applying CSS
2026-06-08 14:17:49,762 - document - weasyprint.progress - INFO - Step 4 - Creating formatting structure
2026-06-08 14:17:49,770 - page - weasyprint.progress - INFO - Step 5 - Creating layout - Page 1
2026-06-08 14:17:50,149 - __init__ - weasyprint.progress - INFO - Step 6 - Creating PDF
2026-06-08 14:17:50,172 - __init__ - weasyprint.progress - INFO - Step 7 - Adding PDF metadata
2026-06-08 14:17:50,176 - __init__ - fontTools.subset - INFO - maxp pruned
2026-06-08 14:17:50,187 - __init__ - fontTools.subset - INFO - cmap pruned
2026-06-08 14:17:50,187 - __init__ - fontTools.subset - INFO - fpgm dropped
2026-06-08 14:17:50,187 - __init__ - fontTools.subset - INFO - prep dropped
2026-06-08 14:17:50,187 - __init__ - fontTools.subset - INFO - cvt  dropped
2026-06-08 14:17:50,187 - __init__ - fontTools.subset - INFO - kern dropped
2026-06-08 14:17:50,187 - __init__ - fontTools.subset - INFO - post pruned
2026-06-08 14:17:50,188 - __init__ - fontTools.subset - INFO - GPOS dropped
2026-06-08 14:17:50,188 - __init__ - fontTools.subset - INFO - GSUB dropped
2026-06-08 14:17:50,194 - __init__ - fontTools.subset - INFO - glyf pruned
2026-06-08 14:17:50,196 - __init__ - fontTools.subset - INFO - Added gid0 to subset
2026-06-08 14:17:50,196 - __init__ - fontTools.subset - INFO - Closing glyph list over 'glyf': 51 glyphs before
2026-06-08 14:17:50,196 - __init__ - fontTools.subset - INFO - Glyph names: ['.notdef', 'A', 'B', 'C', 'D', 'E', 'F', 'G', 'H', 'I', 'L', 'M', 'N', 'O', 'P', 'R', 'S', 'T', 'U', 'Y', 'a', 'b', 'c', 'colon', 'd', 'e', 'eight', 'five', 'four', 'g', 'h', 'i', 'l', 'm', 'n', 'o', 'one', 'parenleft', 'parenright', 'period', 'r', 's', 'seven', 'six', 'space', 't', 'u', 'v', 'x', 'y', 'z']
2026-06-08 14:17:50,198 - __init__ - fontTools.subset - INFO - Glyph IDs:   [0, 3, 11, 12, 17, 20, 23, 24, 25, 26, 27, 29, 36, 37, 38, 39, 40, 41, 42, 43, 44, 47, 48, 49, 50, 51, 53, 54, 55, 56, 60, 68, 69, 70, 71, 72, 74, 75, 76, 79, 80, 81, 82, 85, 86, 87, 88, 89, 91, 92, 93]
2026-06-08 14:17:50,198 - __init__ - fontTools.subset - INFO - Closed glyph list over 'glyf': 51 glyphs after
2026-06-08 14:17:50,198 - __init__ - fontTools.subset - INFO - Glyph names: ['.notdef', 'A', 'B', 'C', 'D', 'E', 'F', 'G', 'H', 'I', 'L', 'M', 'N', 'O', 'P', 'R', 'S', 'T', 'U', 'Y', 'a', 'b', 'c', 'colon', 'd', 'e', 'eight', 'five', 'four', 'g', 'h', 'i', 'l', 'm', 'n', 'o', 'one', 'parenleft', 'parenright', 'period', 'r', 's', 'seven', 'six', 'space', 't', 'u', 'v', 'x', 'y', 'z']
2026-06-08 14:17:50,199 - __init__ - fontTools.subset - INFO - Glyph IDs:   [0, 3, 11, 12, 17, 20, 23, 24, 25, 26, 27, 29, 36, 37, 38, 39, 40, 41, 42, 43, 44, 47, 48, 49, 50, 51, 53, 54, 55, 56, 60, 68, 69, 70, 71, 72, 74, 75, 76, 79, 80, 81, 82, 85, 86, 87, 88, 89, 91, 92, 93]
2026-06-08 14:17:50,201 - __init__ - fontTools.subset - INFO - Retaining 51 glyphs
2026-06-08 14:17:50,202 - __init__ - fontTools.subset - INFO - head subsetting not needed
2026-06-08 14:17:50,202 - __init__ - fontTools.subset - INFO - hhea subsetting not needed
2026-06-08 14:17:50,202 - __init__ - fontTools.subset - INFO - maxp subsetting not needed
2026-06-08 14:17:50,202 - __init__ - fontTools.subset - INFO - OS/2 subsetting not needed
2026-06-08 14:17:50,207 - __init__ - fontTools.subset - INFO - hmtx subsetted
2026-06-08 14:17:50,209 - __init__ - fontTools.subset - INFO - cmap subsetted
2026-06-08 14:17:50,209 - __init__ - fontTools.subset - INFO - loca subsetting not needed
2026-06-08 14:17:50,209 - __init__ - fontTools.subset - INFO - post subsetted
2026-06-08 14:17:50,210 - __init__ - fontTools.subset - INFO - gasp subsetting not needed
2026-06-08 14:17:50,210 - __init__ - fontTools.subset - INFO - FFTM NOT subset; don't know how to subset
2026-06-08 14:17:50,215 - __init__ - fontTools.subset - INFO - GDEF subsetted
2026-06-08 14:17:50,215 - __init__ - fontTools.subset - INFO - name subsetting not needed
2026-06-08 14:17:50,217 - __init__ - fontTools.subset - INFO - glyf subsetted
2026-06-08 14:17:50,217 - __init__ - fontTools.subset - INFO - head pruned
2026-06-08 14:17:50,218 - __init__ - fontTools.subset - INFO - OS/2 Unicode ranges pruned: [0]
2026-06-08 14:17:50,218 - __init__ - fontTools.subset - INFO - OS/2 CodePage ranges pruned: [0]
2026-06-08 14:17:50,218 - __init__ - fontTools.subset - INFO - glyf pruned
2026-06-08 14:17:50,219 - __init__ - fontTools.subset - INFO - GDEF pruned
2026-06-08 14:17:50,220 - __init__ - fontTools.subset - INFO - name pruned
2026-06-08 14:17:50,233 - __init__ - fontTools.subset - INFO - maxp pruned
2026-06-08 14:17:50,241 - __init__ - fontTools.subset - INFO - cmap pruned
2026-06-08 14:17:50,241 - __init__ - fontTools.subset - INFO - fpgm dropped
2026-06-08 14:17:50,241 - __init__ - fontTools.subset - INFO - prep dropped
2026-06-08 14:17:50,241 - __init__ - fontTools.subset - INFO - cvt  dropped
2026-06-08 14:17:50,241 - __init__ - fontTools.subset - INFO - kern dropped
2026-06-08 14:17:50,241 - __init__ - fontTools.subset - INFO - post pruned
2026-06-08 14:17:50,242 - __init__ - fontTools.subset - INFO - GPOS dropped
2026-06-08 14:17:50,242 - __init__ - fontTools.subset - INFO - GSUB dropped
2026-06-08 14:17:50,252 - __init__ - fontTools.subset - INFO - glyf pruned
2026-06-08 14:17:50,254 - __init__ - fontTools.subset - INFO - Added gid0 to subset
2026-06-08 14:17:50,255 - __init__ - fontTools.subset - INFO - Closing glyph list over 'MATH': 45 glyphs before
2026-06-08 14:17:50,255 - __init__ - fontTools.subset - INFO - Glyph names: ['.notdef', 'A', 'C', 'E', 'P', 'Q', 'R', 'a', 'ampersand', 'b', 'c', 'colon', 'e', 'eight', 'f', 'fi', 'five', 'four', 'g', 'h', 'hyphen', 'i', 'l', 'm', 'n', 'nine', 'o', 'one', 'p', 'period', 'r', 's', 'seven', 'six', 'space', 't', 'three', 'two', 'u', 'underscore', 'v', 'w', 'x', 'y', 'zero']
2026-06-08 14:17:50,257 - __init__ - fontTools.subset - INFO - Glyph IDs:   [0, 3, 9, 16, 17, 19, 20, 21, 22, 23, 24, 25, 26, 27, 28, 29, 36, 38, 40, 51, 52, 53, 66, 68, 69, 70, 72, 73, 74, 75, 76, 79, 80, 81, 82, 83, 85, 86, 87, 88, 89, 90, 91, 92, 5042]
2026-06-08 14:17:50,283 - __init__ - fontTools.subset - INFO - Closed glyph list over 'MATH': 45 glyphs after
2026-06-08 14:17:50,292 - __init__ - fontTools.subset - INFO - Glyph names: ['.notdef', 'A', 'C', 'E', 'P', 'Q', 'R', 'a', 'ampersand', 'b', 'c', 'colon', 'e', 'eight', 'f', 'fi', 'five', 'four', 'g', 'h', 'hyphen', 'i', 'l', 'm', 'n', 'nine', 'o', 'one', 'p', 'period', 'r', 's', 'seven', 'six', 'space', 't', 'three', 'two', 'u', 'underscore', 'v', 'w', 'x', 'y', 'zero']
2026-06-08 14:17:50,293 - __init__ - fontTools.subset - INFO - Glyph IDs:   [0, 3, 9, 16, 17, 19, 20, 21, 22, 23, 24, 25, 26, 27, 28, 29, 36, 38, 40, 51, 52, 53, 66, 68, 69, 70, 72, 73, 74, 75, 76, 79, 80, 81, 82, 83, 85, 86, 87, 88, 89, 90, 91, 92, 5042]
2026-06-08 14:17:50,293 - __init__ - fontTools.subset - INFO - Closing glyph list over 'glyf': 45 glyphs before
2026-06-08 14:17:50,293 - __init__ - fontTools.subset - INFO - Glyph names: ['.notdef', 'A', 'C', 'E', 'P', 'Q', 'R', 'a', 'ampersand', 'b', 'c', 'colon', 'e', 'eight', 'f', 'fi', 'five', 'four', 'g', 'h', 'hyphen', 'i', 'l', 'm', 'n', 'nine', 'o', 'one', 'p', 'period', 'r', 's', 'seven', 'six', 'space', 't', 'three', 'two', 'u', 'underscore', 'v', 'w', 'x', 'y', 'zero']
2026-06-08 14:17:50,294 - __init__ - fontTools.subset - INFO - Glyph IDs:   [0, 3, 9, 16, 17, 19, 20, 21, 22, 23, 24, 25, 26, 27, 28, 29, 36, 38, 40, 51, 52, 53, 66, 68, 69, 70, 72, 73, 74, 75, 76, 79, 80, 81, 82, 83, 85, 86, 87, 88, 89, 90, 91, 92, 5042]
2026-06-08 14:17:50,294 - __init__ - fontTools.subset - INFO - Closed glyph list over 'glyf': 45 glyphs after
2026-06-08 14:17:50,294 - __init__ - fontTools.subset - INFO - Glyph names: ['.notdef', 'A', 'C', 'E', 'P', 'Q', 'R', 'a', 'ampersand', 'b', 'c', 'colon', 'e', 'eight', 'f', 'fi', 'five', 'four', 'g', 'h', 'hyphen', 'i', 'l', 'm', 'n', 'nine', 'o', 'one', 'p', 'period', 'r', 's', 'seven', 'six', 'space', 't', 'three', 'two', 'u', 'underscore', 'v', 'w', 'x', 'y', 'zero']
2026-06-08 14:17:50,294 - __init__ - fontTools.subset - INFO - Glyph IDs:   [0, 3, 9, 16, 17, 19, 20, 21, 22, 23, 24, 25, 26, 27, 28, 29, 36, 38, 40, 51, 52, 53, 66, 68, 69, 70, 72, 73, 74, 75, 76, 79, 80, 81, 82, 83, 85, 86, 87, 88, 89, 90, 91, 92, 5042]
2026-06-08 14:17:50,299 - __init__ - fontTools.subset - INFO - Retaining 45 glyphs
2026-06-08 14:17:50,300 - __init__ - fontTools.subset - INFO - head subsetting not needed
2026-06-08 14:17:50,300 - __init__ - fontTools.subset - INFO - hhea subsetting not needed
2026-06-08 14:17:50,300 - __init__ - fontTools.subset - INFO - maxp subsetting not needed
2026-06-08 14:17:50,300 - __init__ - fontTools.subset - INFO - OS/2 subsetting not needed
2026-06-08 14:17:50,308 - __init__ - fontTools.subset - INFO - hmtx subsetted
2026-06-08 14:17:50,311 - __init__ - fontTools.subset - INFO - cmap subsetted
2026-06-08 14:17:50,312 - __init__ - fontTools.subset - INFO - loca subsetting not needed
2026-06-08 14:17:50,312 - __init__ - fontTools.subset - INFO - post subsetted
2026-06-08 14:17:50,312 - __init__ - fontTools.subset - INFO - gasp subsetting not needed
2026-06-08 14:17:50,312 - __init__ - fontTools.subset - INFO - FFTM NOT subset; don't know how to subset
2026-06-08 14:17:50,312 - __init__ - fontTools.subset - INFO - MATH subsetted
2026-06-08 14:17:50,322 - __init__ - fontTools.subset - INFO - GDEF subsetted
2026-06-08 14:17:50,322 - __init__ - fontTools.subset - INFO - name subsetting not needed
2026-06-08 14:17:50,327 - __init__ - fontTools.subset - INFO - glyf subsetted
2026-06-08 14:17:50,328 - __init__ - fontTools.subset - INFO - head pruned
2026-06-08 14:17:50,328 - __init__ - fontTools.subset - INFO - OS/2 Unicode ranges pruned: [0, 62]
2026-06-08 14:17:50,329 - __init__ - fontTools.subset - INFO - OS/2 CodePage ranges pruned: [0]
2026-06-08 14:17:50,331 - __init__ - fontTools.subset - INFO - glyf pruned
2026-06-08 14:17:50,331 - __init__ - fontTools.subset - INFO - GDEF pruned
2026-06-08 14:17:50,332 - __init__ - fontTools.subset - INFO - name pruned
2026-06-08 14:17:50,377 - pdf_generator - python_template - INFO - Successfully exported PDF report to: ./data/analysis/acoustic_report_20260608_141749.pdf
2026-06-08 14:35:25,506 - __init__ - weasyprint.progress - INFO - Step 2 - Fetching and parsing CSS - CSS string
2026-06-08 14:35:25,662 - __init__ - weasyprint.progress - INFO - Step 2 - Fetching and parsing CSS - CSS string
2026-06-08 14:35:25,734 - __init__ - weasyprint.progress - INFO - Step 2 - Fetching and parsing CSS - CSS string
2026-06-08 14:35:26,023 - main - python_template - INFO - Global analysis started: 2 file(s) found.
2026-06-08 14:35:26,023 - main - python_template - INFO - Analyzed directory: /workspaces/soung_analysis/data/ressources/A
2026-06-08 14:35:26,024 - main - python_template - INFO - Analyzing: test_A_1_1x0.5min_sub0.5min.wav ...
2026-06-08 14:38:24,877 - main - python_template - INFO -    -> GLOBAL SCORE (PA) : 15.18
2026-06-08 14:38:24,882 - main - python_template - INFO -       [Details] Loudness (N5): 14.99 sone | Sharpness: 0.96 acum | Roughness: 0.04 asper
2026-06-08 14:38:24,882 - main - python_template - INFO - Analyzing: test_A_2_1x0.5min_sub0.5min.wav ...
2026-06-08 14:41:42,169 - main - python_template - INFO -    -> GLOBAL SCORE (PA) : 17.71
2026-06-08 14:41:42,169 - main - python_template - INFO -       [Details] Loudness (N5): 15.53 sone | Sharpness: 1.16 acum | Roughness: 0.47 asper
2026-06-08 14:41:42,169 - main - python_template - INFO - === GLOBAL ANALYSIS RESULTS ===
2026-06-08 14:41:42,170 - main - python_template - INFO - Successfully analyzed files: 2/2
2026-06-08 14:41:42,170 - main - python_template - INFO - AVERAGE ANNOYANCE INDEX (PA): 16.45
2026-06-08 14:41:42,170 - pdf_generator - python_template - INFO - Initializing high-fidelity PDF report generation module...
2026-06-08 14:41:42,170 - __init__ - weasyprint.progress - INFO - Step 1 - Fetching and parsing HTML - HTML string
2026-06-08 14:41:42,221 - __init__ - weasyprint.progress - INFO - Step 2 - Fetching and parsing CSS - CSS string
2026-06-08 14:41:42,291 - __init__ - weasyprint.progress - INFO - Step 3 - Applying CSS
2026-06-08 14:41:42,296 - document - weasyprint.progress - INFO - Step 4 - Creating formatting structure
2026-06-08 14:41:42,350 - page - weasyprint.progress - INFO - Step 5 - Creating layout - Page 1
2026-06-08 14:41:42,441 - __init__ - weasyprint.progress - INFO - Step 6 - Creating PDF
2026-06-08 14:41:42,468 - __init__ - weasyprint.progress - INFO - Step 7 - Adding PDF metadata
2026-06-08 14:41:42,472 - __init__ - fontTools.subset - INFO - maxp pruned
2026-06-08 14:41:42,483 - __init__ - fontTools.subset - INFO - cmap pruned
2026-06-08 14:41:42,483 - __init__ - fontTools.subset - INFO - fpgm dropped
2026-06-08 14:41:42,483 - __init__ - fontTools.subset - INFO - prep dropped
2026-06-08 14:41:42,483 - __init__ - fontTools.subset - INFO - cvt  dropped
2026-06-08 14:41:42,483 - __init__ - fontTools.subset - INFO - kern dropped
2026-06-08 14:41:42,483 - __init__ - fontTools.subset - INFO - post pruned
2026-06-08 14:41:42,484 - __init__ - fontTools.subset - INFO - GPOS dropped
2026-06-08 14:41:42,484 - __init__ - fontTools.subset - INFO - GSUB dropped
2026-06-08 14:41:42,491 - __init__ - fontTools.subset - INFO - glyf pruned
2026-06-08 14:41:42,493 - __init__ - fontTools.subset - INFO - Added gid0 to subset
2026-06-08 14:41:42,493 - __init__ - fontTools.subset - INFO - Closing glyph list over 'glyf': 41 glyphs before
2026-06-08 14:41:42,493 - __init__ - fontTools.subset - INFO - Glyph names: ['.notdef', 'A', 'C', 'D', 'E', 'F', 'G', 'H', 'I', 'L', 'M', 'N', 'O', 'P', 'Q', 'R', 'S', 'T', 'U', 'V', 'X', 'Y', 'a', 'ampersand', 'c', 'colon', 'e', 'eight', 'five', 'four', 'n', 'o', 'one', 'parenleft', 'parenright', 'period', 'r', 'seven', 'six', 'space', 'y']
2026-06-08 14:41:42,494 - __init__ - fontTools.subset - INFO - Glyph IDs:   [0, 3, 9, 11, 12, 17, 20, 23, 24, 25, 26, 27, 29, 36, 38, 39, 40, 41, 42, 43, 44, 47, 48, 49, 50, 51, 52, 53, 54, 55, 56, 57, 59, 60, 68, 70, 72, 81, 82, 85, 92]
2026-06-08 14:41:42,494 - __init__ - fontTools.subset - INFO - Closed glyph list over 'glyf': 41 glyphs after
2026-06-08 14:41:42,494 - __init__ - fontTools.subset - INFO - Glyph names: ['.notdef', 'A', 'C', 'D', 'E', 'F', 'G', 'H', 'I', 'L', 'M', 'N', 'O', 'P', 'Q', 'R', 'S', 'T', 'U', 'V', 'X', 'Y', 'a', 'ampersand', 'c', 'colon', 'e', 'eight', 'five', 'four', 'n', 'o', 'one', 'parenleft', 'parenright', 'period', 'r', 'seven', 'six', 'space', 'y']
2026-06-08 14:41:42,495 - __init__ - fontTools.subset - INFO - Glyph IDs:   [0, 3, 9, 11, 12, 17, 20, 23, 24, 25, 26, 27, 29, 36, 38, 39, 40, 41, 42, 43, 44, 47, 48, 49, 50, 51, 52, 53, 54, 55, 56, 57, 59, 60, 68, 70, 72, 81, 82, 85, 92]
2026-06-08 14:41:42,496 - __init__ - fontTools.subset - INFO - Retaining 41 glyphs
2026-06-08 14:41:42,497 - __init__ - fontTools.subset - INFO - head subsetting not needed
2026-06-08 14:41:42,497 - __init__ - fontTools.subset - INFO - hhea subsetting not needed
2026-06-08 14:41:42,497 - __init__ - fontTools.subset - INFO - maxp subsetting not needed
2026-06-08 14:41:42,497 - __init__ - fontTools.subset - INFO - OS/2 subsetting not needed
2026-06-08 14:41:42,502 - __init__ - fontTools.subset - INFO - hmtx subsetted
2026-06-08 14:41:42,505 - __init__ - fontTools.subset - INFO - cmap subsetted
2026-06-08 14:41:42,505 - __init__ - fontTools.subset - INFO - loca subsetting not needed
2026-06-08 14:41:42,505 - __init__ - fontTools.subset - INFO - post subsetted
2026-06-08 14:41:42,505 - __init__ - fontTools.subset - INFO - gasp subsetting not needed
2026-06-08 14:41:42,505 - __init__ - fontTools.subset - INFO - FFTM NOT subset; don't know how to subset
2026-06-08 14:41:42,512 - __init__ - fontTools.subset - INFO - GDEF subsetted
2026-06-08 14:41:42,512 - __init__ - fontTools.subset - INFO - name subsetting not needed
2026-06-08 14:41:42,513 - __init__ - fontTools.subset - INFO - glyf subsetted
2026-06-08 14:41:42,513 - __init__ - fontTools.subset - INFO - head pruned
2026-06-08 14:41:42,514 - __init__ - fontTools.subset - INFO - OS/2 Unicode ranges pruned: [0]
2026-06-08 14:41:42,514 - __init__ - fontTools.subset - INFO - OS/2 CodePage ranges pruned: [0]
2026-06-08 14:41:42,514 - __init__ - fontTools.subset - INFO - glyf pruned
2026-06-08 14:41:42,515 - __init__ - fontTools.subset - INFO - GDEF pruned
2026-06-08 14:41:42,515 - __init__ - fontTools.subset - INFO - name pruned
2026-06-08 14:41:42,525 - __init__ - fontTools.subset - INFO - maxp pruned
2026-06-08 14:41:42,533 - __init__ - fontTools.subset - INFO - cmap pruned
2026-06-08 14:41:42,533 - __init__ - fontTools.subset - INFO - fpgm dropped
2026-06-08 14:41:42,533 - __init__ - fontTools.subset - INFO - prep dropped
2026-06-08 14:41:42,533 - __init__ - fontTools.subset - INFO - cvt  dropped
2026-06-08 14:41:42,533 - __init__ - fontTools.subset - INFO - kern dropped
2026-06-08 14:41:42,533 - __init__ - fontTools.subset - INFO - post pruned
2026-06-08 14:41:42,534 - __init__ - fontTools.subset - INFO - GPOS dropped
2026-06-08 14:41:42,534 - __init__ - fontTools.subset - INFO - GSUB dropped
2026-06-08 14:41:42,538 - __init__ - fontTools.subset - INFO - glyf pruned
2026-06-08 14:41:42,539 - __init__ - fontTools.subset - INFO - Added gid0 to subset
2026-06-08 14:41:42,540 - __init__ - fontTools.subset - INFO - Closing glyph list over 'MATH': 22 glyphs before
2026-06-08 14:41:42,540 - __init__ - fontTools.subset - INFO - Glyph names: ['.notdef', 'A', 'E', 'P', 'Q', 'a', 'ampersand', 'c', 'e', 'h', 'i', 'l', 'm', 'n', 'o', 'r', 's', 'space', 't', 'u', 'v', 'y']
2026-06-08 14:41:42,541 - __init__ - fontTools.subset - INFO - Glyph IDs:   [0, 3, 9, 36, 40, 51, 52, 68, 70, 72, 75, 76, 79, 80, 81, 82, 85, 86, 87, 88, 89, 92]
2026-06-08 14:41:42,555 - __init__ - fontTools.subset - INFO - Closed glyph list over 'MATH': 22 glyphs after
2026-06-08 14:41:42,556 - __init__ - fontTools.subset - INFO - Glyph names: ['.notdef', 'A', 'E', 'P', 'Q', 'a', 'ampersand', 'c', 'e', 'h', 'i', 'l', 'm', 'n', 'o', 'r', 's', 'space', 't', 'u', 'v', 'y']
2026-06-08 14:41:42,556 - __init__ - fontTools.subset - INFO - Glyph IDs:   [0, 3, 9, 36, 40, 51, 52, 68, 70, 72, 75, 76, 79, 80, 81, 82, 85, 86, 87, 88, 89, 92]
2026-06-08 14:41:42,556 - __init__ - fontTools.subset - INFO - Closing glyph list over 'glyf': 22 glyphs before
2026-06-08 14:41:42,556 - __init__ - fontTools.subset - INFO - Glyph names: ['.notdef', 'A', 'E', 'P', 'Q', 'a', 'ampersand', 'c', 'e', 'h', 'i', 'l', 'm', 'n', 'o', 'r', 's', 'space', 't', 'u', 'v', 'y']
2026-06-08 14:41:42,557 - __init__ - fontTools.subset - INFO - Glyph IDs:   [0, 3, 9, 36, 40, 51, 52, 68, 70, 72, 75, 76, 79, 80, 81, 82, 85, 86, 87, 88, 89, 92]
2026-06-08 14:41:42,557 - __init__ - fontTools.subset - INFO - Closed glyph list over 'glyf': 22 glyphs after
2026-06-08 14:41:42,557 - __init__ - fontTools.subset - INFO - Glyph names: ['.notdef', 'A', 'E', 'P', 'Q', 'a', 'ampersand', 'c', 'e', 'h', 'i', 'l', 'm', 'n', 'o', 'r', 's', 'space', 't', 'u', 'v', 'y']
2026-06-08 14:41:42,557 - __init__ - fontTools.subset - INFO - Glyph IDs:   [0, 3, 9, 36, 40, 51, 52, 68, 70, 72, 75, 76, 79, 80, 81, 82, 85, 86, 87, 88, 89, 92]
2026-06-08 14:41:42,560 - __init__ - fontTools.subset - INFO - Retaining 22 glyphs
2026-06-08 14:41:42,561 - __init__ - fontTools.subset - INFO - head subsetting not needed
2026-06-08 14:41:42,561 - __init__ - fontTools.subset - INFO - hhea subsetting not needed
2026-06-08 14:41:42,561 - __init__ - fontTools.subset - INFO - maxp subsetting not needed
2026-06-08 14:41:42,562 - __init__ - fontTools.subset - INFO - OS/2 subsetting not needed
2026-06-08 14:41:42,566 - __init__ - fontTools.subset - INFO - hmtx subsetted
2026-06-08 14:41:42,569 - __init__ - fontTools.subset - INFO - cmap subsetted
2026-06-08 14:41:42,569 - __init__ - fontTools.subset - INFO - loca subsetting not needed
2026-06-08 14:41:42,569 - __init__ - fontTools.subset - INFO - post subsetted
2026-06-08 14:41:42,569 - __init__ - fontTools.subset - INFO - gasp subsetting not needed
2026-06-08 14:41:42,570 - __init__ - fontTools.subset - INFO - FFTM NOT subset; don't know how to subset
2026-06-08 14:41:42,570 - __init__ - fontTools.subset - INFO - MATH subsetted
2026-06-08 14:41:42,578 - __init__ - fontTools.subset - INFO - GDEF subsetted
2026-06-08 14:41:42,579 - __init__ - fontTools.subset - INFO - name subsetting not needed
2026-06-08 14:41:42,580 - __init__ - fontTools.subset - INFO - glyf subsetted
2026-06-08 14:41:42,580 - __init__ - fontTools.subset - INFO - head pruned
2026-06-08 14:41:42,580 - __init__ - fontTools.subset - INFO - OS/2 Unicode ranges pruned: [0]
2026-06-08 14:41:42,581 - __init__ - fontTools.subset - INFO - OS/2 CodePage ranges pruned: [0]
2026-06-08 14:41:42,581 - __init__ - fontTools.subset - INFO - glyf pruned
2026-06-08 14:41:42,581 - __init__ - fontTools.subset - INFO - GDEF pruned
2026-06-08 14:41:42,582 - __init__ - fontTools.subset - INFO - name pruned
2026-06-08 14:41:42,596 - __init__ - fontTools.subset - INFO - maxp pruned
2026-06-08 14:41:42,604 - __init__ - fontTools.subset - INFO - cmap pruned
2026-06-08 14:41:42,604 - __init__ - fontTools.subset - INFO - fpgm dropped
2026-06-08 14:41:42,604 - __init__ - fontTools.subset - INFO - prep dropped
2026-06-08 14:41:42,604 - __init__ - fontTools.subset - INFO - cvt  dropped
2026-06-08 14:41:42,604 - __init__ - fontTools.subset - INFO - kern dropped
2026-06-08 14:41:42,604 - __init__ - fontTools.subset - INFO - post pruned
2026-06-08 14:41:42,605 - __init__ - fontTools.subset - INFO - GPOS dropped
2026-06-08 14:41:42,605 - __init__ - fontTools.subset - INFO - GSUB dropped
2026-06-08 14:41:42,617 - __init__ - fontTools.subset - INFO - glyf pruned
2026-06-08 14:41:42,618 - __init__ - fontTools.subset - INFO - Added gid0 to subset
2026-06-08 14:41:42,618 - __init__ - fontTools.subset - INFO - Closing glyph list over 'MATH': 68 glyphs before
2026-06-08 14:41:42,618 - __init__ - fontTools.subset - INFO - Glyph names: ['.notdef', 'A', 'C', 'D', 'E', 'F', 'G', 'H', 'I', 'J', 'K', 'L', 'M', 'N', 'O', 'P', 'Q', 'R', 'S', 'T', 'U', 'W', 'Y', 'Z', 'a', 'ampersand', 'b', 'bar', 'c', 'colon', 'comma', 'd', 'e', 'eight', 'f', 'fi', 'five', 'four', 'g', 'h', 'i', 'k', 'l', 'm', 'n', 'nine', 'o', 'one', 'p', 'parenleft', 'parenright', 'period', 'r', 's', 'seven', 'six', 'space', 't', 'three', 'two', 'u', 'underscore', 'v', 'w', 'x', 'y', 'z', 'zero']
2026-06-08 14:41:42,620 - __init__ - fontTools.subset - INFO - Glyph IDs:   [0, 3, 9, 11, 12, 15, 17, 19, 20, 21, 22, 23, 24, 25, 26, 27, 28, 29, 36, 38, 39, 40, 41, 42, 43, 44, 45, 46, 47, 48, 49, 50, 51, 52, 53, 54, 55, 56, 58, 60, 61, 66, 68, 69, 70, 71, 72, 73, 74, 75, 76, 78, 79, 80, 81, 82, 83, 85, 86, 87, 88, 89, 90, 91, 92, 93, 95, 5042]
2026-06-08 14:41:42,644 - __init__ - fontTools.subset - INFO - Closed glyph list over 'MATH': 74 glyphs after
2026-06-08 14:41:42,644 - __init__ - fontTools.subset - INFO - Glyph names: ['.notdef', 'A', 'C', 'D', 'E', 'F', 'G', 'H', 'I', 'J', 'K', 'L', 'M', 'N', 'O', 'P', 'Q', 'R', 'S', 'T', 'U', 'W', 'Y', 'Z', 'a', 'ampersand', 'b', 'bar', 'c', 'colon', 'comma', 'd', 'e', 'eight', 'f', 'fi', 'five', 'four', 'g', 'h', 'i', 'k', 'l', 'm', 'n', 'nine', 'o', 'one', 'p', 'parenleft', 'parenright', 'period', 'r', 's', 'seven', 'six', 'space', 't', 'three', 'two', 'u', 'underscore', 'uni239B', 'uni239C', 'uni239D', 'uni239E', 'uni239F', 'uni23A0', 'v', 'w', 'x', 'y', 'z', 'zero']
2026-06-08 14:41:42,644 - __init__ - fontTools.subset - INFO - Glyph IDs:   [0, 3, 9, 11, 12, 15, 17, 19, 20, 21, 22, 23, 24, 25, 26, 27, 28, 29, 36, 38, 39, 40, 41, 42, 43, 44, 45, 46, 47, 48, 49, 50, 51, 52, 53, 54, 55, 56, 58, 60, 61, 66, 68, 69, 70, 71, 72, 73, 74, 75, 76, 78, 79, 80, 81, 82, 83, 85, 86, 87, 88, 89, 90, 91, 92, 93, 95, 3507, 3508, 3509, 3510, 3511, 3512, 5042]
2026-06-08 14:41:42,645 - __init__ - fontTools.subset - INFO - Closing glyph list over 'glyf': 74 glyphs before
2026-06-08 14:41:42,645 - __init__ - fontTools.subset - INFO - Glyph names: ['.notdef', 'A', 'C', 'D', 'E', 'F', 'G', 'H', 'I', 'J', 'K', 'L', 'M', 'N', 'O', 'P', 'Q', 'R', 'S', 'T', 'U', 'W', 'Y', 'Z', 'a', 'ampersand', 'b', 'bar', 'c', 'colon', 'comma', 'd', 'e', 'eight', 'f', 'fi', 'five', 'four', 'g', 'h', 'i', 'k', 'l', 'm', 'n', 'nine', 'o', 'one', 'p', 'parenleft', 'parenright', 'period', 'r', 's', 'seven', 'six', 'space', 't', 'three', 'two', 'u', 'underscore', 'uni239B', 'uni239C', 'uni239D', 'uni239E', 'uni239F', 'uni23A0', 'v', 'w', 'x', 'y', 'z', 'zero']
2026-06-08 14:41:42,645 - __init__ - fontTools.subset - INFO - Glyph IDs:   [0, 3, 9, 11, 12, 15, 17, 19, 20, 21, 22, 23, 24, 25, 26, 27, 28, 29, 36, 38, 39, 40, 41, 42, 43, 44, 45, 46, 47, 48, 49, 50, 51, 52, 53, 54, 55, 56, 58, 60, 61, 66, 68, 69, 70, 71, 72, 73, 74, 75, 76, 78, 79, 80, 81, 82, 83, 85, 86, 87, 88, 89, 90, 91, 92, 93, 95, 3507, 3508, 3509, 3510, 3511, 3512, 5042]
2026-06-08 14:41:42,646 - __init__ - fontTools.subset - INFO - Closed glyph list over 'glyf': 74 glyphs after
2026-06-08 14:41:42,646 - __init__ - fontTools.subset - INFO - Glyph names: ['.notdef', 'A', 'C', 'D', 'E', 'F', 'G', 'H', 'I', 'J', 'K', 'L', 'M', 'N', 'O', 'P', 'Q', 'R', 'S', 'T', 'U', 'W', 'Y', 'Z', 'a', 'ampersand', 'b', 'bar', 'c', 'colon', 'comma', 'd', 'e', 'eight', 'f', 'fi', 'five', 'four', 'g', 'h', 'i', 'k', 'l', 'm', 'n', 'nine', 'o', 'one', 'p', 'parenleft', 'parenright', 'period', 'r', 's', 'seven', 'six', 'space', 't', 'three', 'two', 'u', 'underscore', 'uni239B', 'uni239C', 'uni239D', 'uni239E', 'uni239F', 'uni23A0', 'v', 'w', 'x', 'y', 'z', 'zero']
2026-06-08 14:41:42,646 - __init__ - fontTools.subset - INFO - Glyph IDs:   [0, 3, 9, 11, 12, 15, 17, 19, 20, 21, 22, 23, 24, 25, 26, 27, 28, 29, 36, 38, 39, 40, 41, 42, 43, 44, 45, 46, 47, 48, 49, 50, 51, 52, 53, 54, 55, 56, 58, 60, 61, 66, 68, 69, 70, 71, 72, 73, 74, 75, 76, 78, 79, 80, 81, 82, 83, 85, 86, 87, 88, 89, 90, 91, 92, 93, 95, 3507, 3508, 3509, 3510, 3511, 3512, 5042]
2026-06-08 14:41:42,653 - __init__ - fontTools.subset - INFO - Retaining 74 glyphs
2026-06-08 14:41:42,653 - __init__ - fontTools.subset - INFO - head subsetting not needed
2026-06-08 14:41:42,654 - __init__ - fontTools.subset - INFO - hhea subsetting not needed
2026-06-08 14:41:42,654 - __init__ - fontTools.subset - INFO - maxp subsetting not needed
2026-06-08 14:41:42,654 - __init__ - fontTools.subset - INFO - OS/2 subsetting not needed
2026-06-08 14:41:42,661 - __init__ - fontTools.subset - INFO - hmtx subsetted
2026-06-08 14:41:42,665 - __init__ - fontTools.subset - INFO - cmap subsetted
2026-06-08 14:41:42,667 - __init__ - fontTools.subset - INFO - loca subsetting not needed
2026-06-08 14:41:42,667 - __init__ - fontTools.subset - INFO - post subsetted
2026-06-08 14:41:42,667 - __init__ - fontTools.subset - INFO - gasp subsetting not needed
2026-06-08 14:41:42,667 - __init__ - fontTools.subset - INFO - FFTM NOT subset; don't know how to subset
2026-06-08 14:41:42,669 - __init__ - fontTools.subset - INFO - MATH subsetted
2026-06-08 14:41:42,680 - __init__ - fontTools.subset - INFO - GDEF subsetted
2026-06-08 14:41:42,680 - __init__ - fontTools.subset - INFO - name subsetting not needed
2026-06-08 14:41:42,683 - __init__ - fontTools.subset - INFO - glyf subsetted
2026-06-08 14:41:42,683 - __init__ - fontTools.subset - INFO - head pruned
2026-06-08 14:41:42,683 - __init__ - fontTools.subset - INFO - OS/2 Unicode ranges pruned: [0, 62]
2026-06-08 14:41:42,683 - __init__ - fontTools.subset - INFO - OS/2 CodePage ranges pruned: [0]
2026-06-08 14:41:42,686 - __init__ - fontTools.subset - INFO - glyf pruned
2026-06-08 14:41:42,687 - __init__ - fontTools.subset - INFO - GDEF pruned
2026-06-08 14:41:42,688 - __init__ - fontTools.subset - INFO - name pruned
2026-06-08 14:41:42,972 - pdf_generator - python_template - INFO - Successfully exported corporate PDF report to: ./data/analysis/acoustic_report_20260608_144142.pdf
2026-06-08 14:47:11,218 - __init__ - weasyprint.progress - INFO - Step 2 - Fetching and parsing CSS - CSS string
2026-06-08 14:47:11,446 - __init__ - weasyprint.progress - INFO - Step 2 - Fetching and parsing CSS - CSS string
2026-06-08 14:47:11,515 - __init__ - weasyprint.progress - INFO - Step 2 - Fetching and parsing CSS - CSS string
2026-06-08 14:47:11,813 - main - python_template - INFO - Multi-directory scan started. Found 5 target folder(s) inside './data/ressources'.
2026-06-08 14:47:11,813 - main - python_template - INFO - >>> ENTERING FOLDER [Category A] — Found 1 files.
2026-06-08 14:47:11,813 - main - python_template - INFO - Processing (A): test_A_1_1x0.5min_sub0.5min.wav ...
2026-06-08 14:50:05,787 - main - python_template - INFO - <<< FINISHED FOLDER [Category A] — Mean Annoyance Score: 15.18
2026-06-08 14:50:05,787 - main - python_template - INFO - >>> ENTERING FOLDER [Category B] — Found 1 files.
2026-06-08 14:50:05,788 - main - python_template - INFO - Processing (B): test_B_1_1x0.5min_sub0.5min - Copie.wav ...
2026-06-08 14:52:55,875 - main - python_template - INFO - <<< FINISHED FOLDER [Category B] — Mean Annoyance Score: 33.24
2026-06-08 14:52:55,875 - main - python_template - INFO - >>> ENTERING FOLDER [Category C] — Found 1 files.
2026-06-08 14:52:55,875 - main - python_template - INFO - Processing (C): test_C_1_1x0.5min_sub0.5min.wav ...
2026-06-08 14:55:51,939 - main - python_template - INFO - <<< FINISHED FOLDER [Category C] — Mean Annoyance Score: 16.59
2026-06-08 14:55:51,940 - main - python_template - INFO - >>> ENTERING FOLDER [Category D] — Found 1 files.
2026-06-08 14:55:51,940 - main - python_template - INFO - Processing (D): test_C_1_1x0.5min_sub0.5min.wav ...
2026-06-08 14:58:47,451 - main - python_template - INFO - <<< FINISHED FOLDER [Category D] — Mean Annoyance Score: 16.59
2026-06-08 14:58:47,452 - main - python_template - INFO - >>> ENTERING FOLDER [Category E] — Found 1 files.
2026-06-08 14:58:47,452 - main - python_template - INFO - Processing (E): test_E_1_1x0.5min_sub0.5min.wav ...
2026-06-08 15:01:59,637 - main - python_template - INFO - <<< FINISHED FOLDER [Category E] — Mean Annoyance Score: 30.27
2026-06-08 15:01:59,638 - main - python_template - INFO - === COMPREHENSIVE MULTI-DIRECTORY RESULTS ===
2026-06-08 15:01:59,638 - main - python_template - INFO - Total processed folders : 5
2026-06-08 15:01:59,638 - main - python_template - INFO - Total analyzed audio volumes : 5
2026-06-08 15:01:59,638 - main - python_template - INFO - GLOBAL COMPREHENSIVE AVERAGE SCORE (PA) : 22.37
2026-06-08 15:01:59,638 - pdf_generator - python_template - INFO - Initializing high-fidelity multi-folder PDF report generation...
2026-06-08 15:01:59,638 - __init__ - weasyprint.progress - INFO - Step 1 - Fetching and parsing HTML - HTML string
2026-06-08 15:01:59,743 - __init__ - weasyprint.progress - INFO - Step 2 - Fetching and parsing CSS - CSS string
2026-06-08 15:01:59,753 - __init__ - weasyprint.progress - INFO - Step 3 - Applying CSS
2026-06-08 15:01:59,769 - document - weasyprint.progress - INFO - Step 4 - Creating formatting structure
2026-06-08 15:01:59,806 - page - weasyprint.progress - INFO - Step 5 - Creating layout - Page 1
2026-06-08 15:01:59,955 - page - weasyprint.progress - INFO - Step 5 - Creating layout - Page 2
2026-06-08 15:02:00,053 - __init__ - weasyprint.progress - INFO - Step 6 - Creating PDF
2026-06-08 15:02:00,105 - __init__ - weasyprint.progress - INFO - Step 7 - Adding PDF metadata
2026-06-08 15:02:00,107 - __init__ - fontTools.subset - INFO - maxp pruned
2026-06-08 15:02:00,121 - __init__ - fontTools.subset - INFO - cmap pruned
2026-06-08 15:02:00,122 - __init__ - fontTools.subset - INFO - fpgm dropped
2026-06-08 15:02:00,122 - __init__ - fontTools.subset - INFO - prep dropped
2026-06-08 15:02:00,122 - __init__ - fontTools.subset - INFO - cvt  dropped
2026-06-08 15:02:00,122 - __init__ - fontTools.subset - INFO - kern dropped
2026-06-08 15:02:00,122 - __init__ - fontTools.subset - INFO - post pruned
2026-06-08 15:02:00,123 - __init__ - fontTools.subset - INFO - GPOS dropped
2026-06-08 15:02:00,124 - __init__ - fontTools.subset - INFO - GSUB dropped
2026-06-08 15:02:00,130 - __init__ - fontTools.subset - INFO - glyf pruned
2026-06-08 15:02:00,131 - __init__ - fontTools.subset - INFO - Added gid0 to subset
2026-06-08 15:02:00,132 - __init__ - fontTools.subset - INFO - Closing glyph list over 'glyf': 50 glyphs before
2026-06-08 15:02:00,132 - __init__ - fontTools.subset - INFO - Glyph names: ['.notdef', 'A', 'B', 'C', 'D', 'E', 'F', 'G', 'H', 'I', 'L', 'M', 'N', 'O', 'P', 'R', 'S', 'T', 'U', 'V', 'X', 'Y', 'a', 'b', 'c', 'colon', 'e', 'eight', 'emdash', 'five', 'four', 'g', 'hyphen', 'l', 'n', 'nine', 'o', 'one', 'parenleft', 'parenright', 'period', 'r', 'seven', 'six', 'space', 't', 'three', 'two', 'y', 'zero']
2026-06-08 15:02:00,133 - __init__ - fontTools.subset - INFO - Glyph IDs:   [0, 3, 11, 12, 16, 17, 19, 20, 21, 22, 23, 24, 25, 26, 27, 28, 29, 36, 37, 38, 39, 40, 41, 42, 43, 44, 47, 48, 49, 50, 51, 53, 54, 55, 56, 57, 59, 60, 68, 69, 70, 72, 74, 79, 81, 82, 85, 87, 92, 2807]
2026-06-08 15:02:00,133 - __init__ - fontTools.subset - INFO - Closed glyph list over 'glyf': 50 glyphs after
2026-06-08 15:02:00,133 - __init__ - fontTools.subset - INFO - Glyph names: ['.notdef', 'A', 'B', 'C', 'D', 'E', 'F', 'G', 'H', 'I', 'L', 'M', 'N', 'O', 'P', 'R', 'S', 'T', 'U', 'V', 'X', 'Y', 'a', 'b', 'c', 'colon', 'e', 'eight', 'emdash', 'five', 'four', 'g', 'hyphen', 'l', 'n', 'nine', 'o', 'one', 'parenleft', 'parenright', 'period', 'r', 'seven', 'six', 'space', 't', 'three', 'two', 'y', 'zero']
2026-06-08 15:02:00,133 - __init__ - fontTools.subset - INFO - Glyph IDs:   [0, 3, 11, 12, 16, 17, 19, 20, 21, 22, 23, 24, 25, 26, 27, 28, 29, 36, 37, 38, 39, 40, 41, 42, 43, 44, 47, 48, 49, 50, 51, 53, 54, 55, 56, 57, 59, 60, 68, 69, 70, 72, 74, 79, 81, 82, 85, 87, 92, 2807]
2026-06-08 15:02:00,136 - __init__ - fontTools.subset - INFO - Retaining 50 glyphs
2026-06-08 15:02:00,136 - __init__ - fontTools.subset - INFO - head subsetting not needed
2026-06-08 15:02:00,136 - __init__ - fontTools.subset - INFO - hhea subsetting not needed
2026-06-08 15:02:00,136 - __init__ - fontTools.subset - INFO - maxp subsetting not needed
2026-06-08 15:02:00,136 - __init__ - fontTools.subset - INFO - OS/2 subsetting not needed
2026-06-08 15:02:00,141 - __init__ - fontTools.subset - INFO - hmtx subsetted
2026-06-08 15:02:00,143 - __init__ - fontTools.subset - INFO - cmap subsetted
2026-06-08 15:02:00,143 - __init__ - fontTools.subset - INFO - loca subsetting not needed
2026-06-08 15:02:00,143 - __init__ - fontTools.subset - INFO - post subsetted
2026-06-08 15:02:00,143 - __init__ - fontTools.subset - INFO - gasp subsetting not needed
2026-06-08 15:02:00,143 - __init__ - fontTools.subset - INFO - FFTM NOT subset; don't know how to subset
2026-06-08 15:02:00,150 - __init__ - fontTools.subset - INFO - GDEF subsetted
2026-06-08 15:02:00,151 - __init__ - fontTools.subset - INFO - name subsetting not needed
2026-06-08 15:02:00,153 - __init__ - fontTools.subset - INFO - glyf subsetted
2026-06-08 15:02:00,154 - __init__ - fontTools.subset - INFO - head pruned
2026-06-08 15:02:00,154 - __init__ - fontTools.subset - INFO - OS/2 Unicode ranges pruned: [0, 31]
2026-06-08 15:02:00,154 - __init__ - fontTools.subset - INFO - OS/2 CodePage ranges pruned: [0]
2026-06-08 15:02:00,155 - __init__ - fontTools.subset - INFO - glyf pruned
2026-06-08 15:02:00,156 - __init__ - fontTools.subset - INFO - GDEF pruned
2026-06-08 15:02:00,157 - __init__ - fontTools.subset - INFO - name pruned
2026-06-08 15:02:00,183 - __init__ - fontTools.subset - INFO - maxp pruned
2026-06-08 15:02:00,198 - __init__ - fontTools.subset - INFO - cmap pruned
2026-06-08 15:02:00,199 - __init__ - fontTools.subset - INFO - fpgm dropped
2026-06-08 15:02:00,199 - __init__ - fontTools.subset - INFO - prep dropped
2026-06-08 15:02:00,199 - __init__ - fontTools.subset - INFO - cvt  dropped
2026-06-08 15:02:00,199 - __init__ - fontTools.subset - INFO - kern dropped
2026-06-08 15:02:00,199 - __init__ - fontTools.subset - INFO - post pruned
2026-06-08 15:02:00,199 - __init__ - fontTools.subset - INFO - GPOS dropped
2026-06-08 15:02:00,199 - __init__ - fontTools.subset - INFO - GSUB dropped
2026-06-08 15:02:00,208 - __init__ - fontTools.subset - INFO - glyf pruned
2026-06-08 15:02:00,210 - __init__ - fontTools.subset - INFO - Added gid0 to subset
2026-06-08 15:02:00,210 - __init__ - fontTools.subset - INFO - Closing glyph list over 'MATH': 22 glyphs before
2026-06-08 15:02:00,210 - __init__ - fontTools.subset - INFO - Glyph names: ['.notdef', 'A', 'C', 'P', 'Q', 'a', 'c', 'e', 'h', 'i', 'l', 'm', 'n', 'o', 'p', 'r', 's', 'space', 't', 'u', 'v', 'y']
2026-06-08 15:02:00,211 - __init__ - fontTools.subset - INFO - Glyph IDs:   [0, 3, 36, 38, 51, 52, 68, 70, 72, 75, 76, 79, 80, 81, 82, 83, 85, 86, 87, 88, 89, 92]
2026-06-08 15:02:00,229 - __init__ - fontTools.subset - INFO - Closed glyph list over 'MATH': 22 glyphs after
2026-06-08 15:02:00,229 - __init__ - fontTools.subset - INFO - Glyph names: ['.notdef', 'A', 'C', 'P', 'Q', 'a', 'c', 'e', 'h', 'i', 'l', 'm', 'n', 'o', 'p', 'r', 's', 'space', 't', 'u', 'v', 'y']
2026-06-08 15:02:00,229 - __init__ - fontTools.subset - INFO - Glyph IDs:   [0, 3, 36, 38, 51, 52, 68, 70, 72, 75, 76, 79, 80, 81, 82, 83, 85, 86, 87, 88, 89, 92]
2026-06-08 15:02:00,230 - __init__ - fontTools.subset - INFO - Closing glyph list over 'glyf': 22 glyphs before
2026-06-08 15:02:00,230 - __init__ - fontTools.subset - INFO - Glyph names: ['.notdef', 'A', 'C', 'P', 'Q', 'a', 'c', 'e', 'h', 'i', 'l', 'm', 'n', 'o', 'p', 'r', 's', 'space', 't', 'u', 'v', 'y']
2026-06-08 15:02:00,230 - __init__ - fontTools.subset - INFO - Glyph IDs:   [0, 3, 36, 38, 51, 52, 68, 70, 72, 75, 76, 79, 80, 81, 82, 83, 85, 86, 87, 88, 89, 92]
2026-06-08 15:02:00,230 - __init__ - fontTools.subset - INFO - Closed glyph list over 'glyf': 22 glyphs after
2026-06-08 15:02:00,230 - __init__ - fontTools.subset - INFO - Glyph names: ['.notdef', 'A', 'C', 'P', 'Q', 'a', 'c', 'e', 'h', 'i', 'l', 'm', 'n', 'o', 'p', 'r', 's', 'space', 't', 'u', 'v', 'y']
2026-06-08 15:02:00,231 - __init__ - fontTools.subset - INFO - Glyph IDs:   [0, 3, 36, 38, 51, 52, 68, 70, 72, 75, 76, 79, 80, 81, 82, 83, 85, 86, 87, 88, 89, 92]
2026-06-08 15:02:00,233 - __init__ - fontTools.subset - INFO - Retaining 22 glyphs
2026-06-08 15:02:00,234 - __init__ - fontTools.subset - INFO - head subsetting not needed
2026-06-08 15:02:00,234 - __init__ - fontTools.subset - INFO - hhea subsetting not needed
2026-06-08 15:02:00,234 - __init__ - fontTools.subset - INFO - maxp subsetting not needed
2026-06-08 15:02:00,234 - __init__ - fontTools.subset - INFO - OS/2 subsetting not needed
2026-06-08 15:02:00,239 - __init__ - fontTools.subset - INFO - hmtx subsetted
2026-06-08 15:02:00,241 - __init__ - fontTools.subset - INFO - cmap subsetted
2026-06-08 15:02:00,241 - __init__ - fontTools.subset - INFO - loca subsetting not needed
2026-06-08 15:02:00,241 - __init__ - fontTools.subset - INFO - post subsetted
2026-06-08 15:02:00,241 - __init__ - fontTools.subset - INFO - gasp subsetting not needed
2026-06-08 15:02:00,242 - __init__ - fontTools.subset - INFO - FFTM NOT subset; don't know how to subset
2026-06-08 15:02:00,242 - __init__ - fontTools.subset - INFO - MATH subsetted
2026-06-08 15:02:00,249 - __init__ - fontTools.subset - INFO - GDEF subsetted
2026-06-08 15:02:00,249 - __init__ - fontTools.subset - INFO - name subsetting not needed
2026-06-08 15:02:00,250 - __init__ - fontTools.subset - INFO - glyf subsetted
2026-06-08 15:02:00,251 - __init__ - fontTools.subset - INFO - head pruned
2026-06-08 15:02:00,251 - __init__ - fontTools.subset - INFO - OS/2 Unicode ranges pruned: [0]
2026-06-08 15:02:00,252 - __init__ - fontTools.subset - INFO - OS/2 CodePage ranges pruned: [0]
2026-06-08 15:02:00,253 - __init__ - fontTools.subset - INFO - glyf pruned
2026-06-08 15:02:00,253 - __init__ - fontTools.subset - INFO - GDEF pruned
2026-06-08 15:02:00,254 - __init__ - fontTools.subset - INFO - name pruned
2026-06-08 15:02:00,268 - __init__ - fontTools.subset - INFO - maxp pruned
2026-06-08 15:02:00,275 - __init__ - fontTools.subset - INFO - cmap pruned
2026-06-08 15:02:00,275 - __init__ - fontTools.subset - INFO - fpgm dropped
2026-06-08 15:02:00,275 - __init__ - fontTools.subset - INFO - prep dropped
2026-06-08 15:02:00,275 - __init__ - fontTools.subset - INFO - cvt  dropped
2026-06-08 15:02:00,275 - __init__ - fontTools.subset - INFO - kern dropped
2026-06-08 15:02:00,276 - __init__ - fontTools.subset - INFO - post pruned
2026-06-08 15:02:00,276 - __init__ - fontTools.subset - INFO - GPOS dropped
2026-06-08 15:02:00,276 - __init__ - fontTools.subset - INFO - GSUB dropped
2026-06-08 15:02:00,285 - __init__ - fontTools.subset - INFO - glyf pruned
2026-06-08 15:02:00,286 - __init__ - fontTools.subset - INFO - Added gid0 to subset
2026-06-08 15:02:00,286 - __init__ - fontTools.subset - INFO - Closing glyph list over 'MATH': 69 glyphs before
2026-06-08 15:02:00,287 - __init__ - fontTools.subset - INFO - Glyph names: ['.notdef', 'A', 'B', 'C', 'D', 'E', 'F', 'G', 'H', 'I', 'J', 'K', 'L', 'M', 'N', 'O', 'P', 'Q', 'R', 'S', 'T', 'U', 'W', 'Y', 'Z', 'a', 'ampersand', 'b', 'bar', 'c', 'colon', 'comma', 'd', 'e', 'eight', 'f', 'fi', 'five', 'four', 'g', 'h', 'hyphen', 'i', 'l', 'm', 'n', 'nine', 'o', 'one', 'p', 'parenleft', 'parenright', 'period', 'r', 's', 'seven', 'six', 'slash', 'space', 't', 'three', 'two', 'u', 'underscore', 'v', 'w', 'x', 'y', 'zero']
2026-06-08 15:02:00,287 - __init__ - fontTools.subset - INFO - Glyph IDs:   [0, 3, 9, 11, 12, 15, 16, 17, 18, 19, 20, 21, 22, 23, 24, 25, 26, 27, 28, 29, 36, 37, 38, 39, 40, 41, 42, 43, 44, 45, 46, 47, 48, 49, 50, 51, 52, 53, 54, 55, 56, 58, 60, 61, 66, 68, 69, 70, 71, 72, 73, 74, 75, 76, 79, 80, 81, 82, 83, 85, 86, 87, 88, 89, 90, 91, 92, 95, 5042]
2026-06-08 15:02:00,304 - __init__ - fontTools.subset - INFO - Closed glyph list over 'MATH': 75 glyphs after
2026-06-08 15:02:00,304 - __init__ - fontTools.subset - INFO - Glyph names: ['.notdef', 'A', 'B', 'C', 'D', 'E', 'F', 'G', 'H', 'I', 'J', 'K', 'L', 'M', 'N', 'O', 'P', 'Q', 'R', 'S', 'T', 'U', 'W', 'Y', 'Z', 'a', 'ampersand', 'b', 'bar', 'c', 'colon', 'comma', 'd', 'e', 'eight', 'f', 'fi', 'five', 'four', 'g', 'h', 'hyphen', 'i', 'l', 'm', 'n', 'nine', 'o', 'one', 'p', 'parenleft', 'parenright', 'period', 'r', 's', 'seven', 'six', 'slash', 'space', 't', 'three', 'two', 'u', 'underscore', 'uni239B', 'uni239C', 'uni239D', 'uni239E', 'uni239F', 'uni23A0', 'v', 'w', 'x', 'y', 'zero']
2026-06-08 15:02:00,304 - __init__ - fontTools.subset - INFO - Glyph IDs:   [0, 3, 9, 11, 12, 15, 16, 17, 18, 19, 20, 21, 22, 23, 24, 25, 26, 27, 28, 29, 36, 37, 38, 39, 40, 41, 42, 43, 44, 45, 46, 47, 48, 49, 50, 51, 52, 53, 54, 55, 56, 58, 60, 61, 66, 68, 69, 70, 71, 72, 73, 74, 75, 76, 79, 80, 81, 82, 83, 85, 86, 87, 88, 89, 90, 91, 92, 95, 3507, 3508, 3509, 3510, 3511, 3512, 5042]
2026-06-08 15:02:00,304 - __init__ - fontTools.subset - INFO - Closing glyph list over 'glyf': 75 glyphs before
2026-06-08 15:02:00,305 - __init__ - fontTools.subset - INFO - Glyph names: ['.notdef', 'A', 'B', 'C', 'D', 'E', 'F', 'G', 'H', 'I', 'J', 'K', 'L', 'M', 'N', 'O', 'P', 'Q', 'R', 'S', 'T', 'U', 'W', 'Y', 'Z', 'a', 'ampersand', 'b', 'bar', 'c', 'colon', 'comma', 'd', 'e', 'eight', 'f', 'fi', 'five', 'four', 'g', 'h', 'hyphen', 'i', 'l', 'm', 'n', 'nine', 'o', 'one', 'p', 'parenleft', 'parenright', 'period', 'r', 's', 'seven', 'six', 'slash', 'space', 't', 'three', 'two', 'u', 'underscore', 'uni239B', 'uni239C', 'uni239D', 'uni239E', 'uni239F', 'uni23A0', 'v', 'w', 'x', 'y', 'zero']
2026-06-08 15:02:00,305 - __init__ - fontTools.subset - INFO - Glyph IDs:   [0, 3, 9, 11, 12, 15, 16, 17, 18, 19, 20, 21, 22, 23, 24, 25, 26, 27, 28, 29, 36, 37, 38, 39, 40, 41, 42, 43, 44, 45, 46, 47, 48, 49, 50, 51, 52, 53, 54, 55, 56, 58, 60, 61, 66, 68, 69, 70, 71, 72, 73, 74, 75, 76, 79, 80, 81, 82, 83, 85, 86, 87, 88, 89, 90, 91, 92, 95, 3507, 3508, 3509, 3510, 3511, 3512, 5042]
2026-06-08 15:02:00,305 - __init__ - fontTools.subset - INFO - Closed glyph list over 'glyf': 75 glyphs after
2026-06-08 15:02:00,305 - __init__ - fontTools.subset - INFO - Glyph names: ['.notdef', 'A', 'B', 'C', 'D', 'E', 'F', 'G', 'H', 'I', 'J', 'K', 'L', 'M', 'N', 'O', 'P', 'Q', 'R', 'S', 'T', 'U', 'W', 'Y', 'Z', 'a', 'ampersand', 'b', 'bar', 'c', 'colon', 'comma', 'd', 'e', 'eight', 'f', 'fi', 'five', 'four', 'g', 'h', 'hyphen', 'i', 'l', 'm', 'n', 'nine', 'o', 'one', 'p', 'parenleft', 'parenright', 'period', 'r', 's', 'seven', 'six', 'slash', 'space', 't', 'three', 'two', 'u', 'underscore', 'uni239B', 'uni239C', 'uni239D', 'uni239E', 'uni239F', 'uni23A0', 'v', 'w', 'x', 'y', 'zero']
2026-06-08 15:02:00,305 - __init__ - fontTools.subset - INFO - Glyph IDs:   [0, 3, 9, 11, 12, 15, 16, 17, 18, 19, 20, 21, 22, 23, 24, 25, 26, 27, 28, 29, 36, 37, 38, 39, 40, 41, 42, 43, 44, 45, 46, 47, 48, 49, 50, 51, 52, 53, 54, 55, 56, 58, 60, 61, 66, 68, 69, 70, 71, 72, 73, 74, 75, 76, 79, 80, 81, 82, 83, 85, 86, 87, 88, 89, 90, 91, 92, 95, 3507, 3508, 3509, 3510, 3511, 3512, 5042]
2026-06-08 15:02:00,308 - __init__ - fontTools.subset - INFO - Retaining 75 glyphs
2026-06-08 15:02:00,308 - __init__ - fontTools.subset - INFO - head subsetting not needed
2026-06-08 15:02:00,309 - __init__ - fontTools.subset - INFO - hhea subsetting not needed
2026-06-08 15:02:00,309 - __init__ - fontTools.subset - INFO - maxp subsetting not needed
2026-06-08 15:02:00,309 - __init__ - fontTools.subset - INFO - OS/2 subsetting not needed
2026-06-08 15:02:00,313 - __init__ - fontTools.subset - INFO - hmtx subsetted
2026-06-08 15:02:00,316 - __init__ - fontTools.subset - INFO - cmap subsetted
2026-06-08 15:02:00,316 - __init__ - fontTools.subset - INFO - loca subsetting not needed
2026-06-08 15:02:00,316 - __init__ - fontTools.subset - INFO - post subsetted
2026-06-08 15:02:00,317 - __init__ - fontTools.subset - INFO - gasp subsetting not needed
2026-06-08 15:02:00,317 - __init__ - fontTools.subset - INFO - FFTM NOT subset; don't know how to subset
2026-06-08 15:02:00,317 - __init__ - fontTools.subset - INFO - MATH subsetted
2026-06-08 15:02:00,326 - __init__ - fontTools.subset - INFO - GDEF subsetted
2026-06-08 15:02:00,326 - __init__ - fontTools.subset - INFO - name subsetting not needed
2026-06-08 15:02:00,331 - __init__ - fontTools.subset - INFO - glyf subsetted
2026-06-08 15:02:00,331 - __init__ - fontTools.subset - INFO - head pruned
2026-06-08 15:02:00,332 - __init__ - fontTools.subset - INFO - OS/2 Unicode ranges pruned: [0, 62]
2026-06-08 15:02:00,332 - __init__ - fontTools.subset - INFO - OS/2 CodePage ranges pruned: [0]
2026-06-08 15:02:00,334 - __init__ - fontTools.subset - INFO - glyf pruned
2026-06-08 15:02:00,334 - __init__ - fontTools.subset - INFO - GDEF pruned
2026-06-08 15:02:00,335 - __init__ - fontTools.subset - INFO - name pruned
2026-06-08 15:02:00,702 - pdf_generator - python_template - INFO - Successfully exported multi-folder corporate PDF report to: ./data/analysis/global_acoustic_report_20260608_150159.pdf
